<<<<<<< HEAD
<<<<<<< HEAD
﻿生成启动时间为 2021/6/17 15:03:44。
=======
﻿生成启动时间为 2021/6/17 14:57:11。
>>>>>>> 53a651a94b34c35a6ea34a42595e3fe50f7d50ee
=======
﻿生成启动时间为 2021/6/17 14:57:11。
>>>>>>> 53a651a94b34c35a6ea34a42595e3fe50f7d50ee
     1>项目“D:\C\test\caishuzi_6_17\caishuzi_6_17\caishuzi_6_17.vcxproj”在节点 2 上(Build 个目标)。
     1>ClCompile:
         C:\Program Files (x86)\Microsoft Visual Studio 12.0\VC\bin\CL.exe /c /ZI /nologo /W3 /WX- /sdl /Od /Oy- /D _MBCS /Gm /EHsc /RTC1 /MDd /GS /fp:precise /Zc:wchar_t /Zc:forScope /Fo"Debug\\" /Fd"Debug\vc120.pdb" /Gd /TC /analyze- /errorReport:prompt caishuzi.c
         caishuzi.c
       Link:
         C:\Program Files (x86)\Microsoft Visual Studio 12.0\VC\bin\link.exe /ERRORREPORT:PROMPT /OUT:"D:\C\test\caishuzi_6_17\Debug\caishuzi_6_17.exe" /INCREMENTAL /NOLOGO kernel32.lib user32.lib gdi32.lib winspool.lib comdlg32.lib advapi32.lib shell32.lib ole32.lib oleaut32.lib uuid.lib odbc32.lib odbccp32.lib /MANIFEST /MANIFESTUAC:"level='asInvoker' uiAccess='false'" /manifest:embed /DEBUG /PDB:"D:\C\test\caishuzi_6_17\Debug\caishuzi_6_17.pdb" /TLBID:1 /DYNAMICBASE /NXCOMPAT /IMPLIB:"D:\C\test\caishuzi_6_17\Debug\caishuzi_6_17.lib" /MACHINE:X86 Debug\caishuzi.obj
         caishuzi_6_17.vcxproj -> D:\C\test\caishuzi_6_17\Debug\caishuzi_6_17.exe
     1>已完成生成项目“D:\C\test\caishuzi_6_17\caishuzi_6_17\caishuzi_6_17.vcxproj”(Build 个目标)的操作。

生成成功。

<<<<<<< HEAD
<<<<<<< HEAD
已用时间 00:00:00.77
=======
已用时间 00:00:00.57
>>>>>>> 53a651a94b34c35a6ea34a42595e3fe50f7d50ee
=======
已用时间 00:00:00.57
>>>>>>> 53a651a94b34c35a6ea34a42595e3fe50f7d50ee
